\BOOKMARK [1][-]{chapter*.1}{\376\377\000S\000t\000a\000t\000e\000m\000e\000n\000t\000\040\000o\000f\000\040\000o\000r\000i\000g\000i\000n\000a\000l\000i\000t\000y}{}% 1
\BOOKMARK [1][-]{chapter*.2}{\376\377\000A\000b\000s\000t\000r\000a\000c\000t}{}% 2
\BOOKMARK [1][-]{chapter*.3}{\376\377\000A\000c\000k\000n\000o\000w\000l\000e\000d\000g\000e\000m\000e\000n\000t\000s}{}% 3
\BOOKMARK [0][-]{chapter*.5}{\376\377\000L\000i\000s\000t\000\040\000o\000f\000\040\000F\000i\000g\000u\000r\000e\000s}{}% 4
\BOOKMARK [0][-]{chapter*.6}{\376\377\000L\000i\000s\000t\000\040\000o\000f\000\040\000T\000a\000b\000l\000e\000s}{}% 5
\BOOKMARK [0][-]{chapter.1}{\376\377\0001\000\040\000I\000n\000t\000r\000o\000d\000u\000c\000t\000i\000o\000n}{}% 6
\BOOKMARK [0][-]{chapter.2}{\376\377\0002\000\040\000N\000e\000u\000t\000r\000i\000n\000o\000\040\000p\000h\000y\000s\000i\000c\000s}{}% 7
\BOOKMARK [1][-]{section.2.1}{\376\377\0002\000.\0001\000\040\000N\000e\000u\000t\000r\000i\000n\000o\000s\000\040\000i\000n\000\040\000t\000h\000e\000\040\000S\000M}{chapter.2}% 8
\BOOKMARK [1][-]{section.2.2}{\376\377\0002\000.\0002\000\040\000N\000e\000u\000t\000r\000i\000n\000o\000\040\000o\000s\000c\000i\000l\000l\000a\000t\000i\000o\000n\000s}{chapter.2}% 9
\BOOKMARK [2][-]{subsection.2.2.1}{\376\377\0002\000.\0002\000.\0001\000\040\000O\000s\000c\000i\000l\000l\000a\000t\000i\000o\000n\000s\000\040\000i\000n\000\040\000v\000a\000c\000u\000u\000m}{section.2.2}% 10
\BOOKMARK [2][-]{subsection.2.2.2}{\376\377\0002\000.\0002\000.\0002\000\040\000O\000s\000c\000i\000l\000l\000a\000t\000i\000o\000n\000s\000\040\000i\000n\000\040\000m\000a\000t\000t\000e\000r}{section.2.2}% 11
\BOOKMARK [2][-]{subsection.2.2.3}{\376\377\0002\000.\0002\000.\0003\000\040\000C\000u\000r\000r\000e\000n\000t\000\040\000s\000t\000a\000t\000u\000s\000\040\000o\000f\000\040\000n\000e\000u\000t\000r\000i\000n\000o\000\040\000o\000s\000c\000i\000l\000l\000a\000t\000i\000o\000n\000s}{section.2.2}% 12
\BOOKMARK [1][-]{section.2.3}{\376\377\0002\000.\0003\000\040\000O\000p\000e\000n\000\040\000q\000u\000e\000s\000t\000i\000o\000n\000s\000\040\000i\000n\000\040\000t\000h\000e\000\040\000n\000e\000u\000t\000r\000i\000n\000o\000\040\000s\000e\000c\000t\000o\000r}{chapter.2}% 13
\BOOKMARK [0][-]{chapter.3}{\376\377\0003\000\040\000T\000h\000e\000\040\000D\000e\000e\000p\000\040\000U\000n\000d\000e\000r\000g\000r\000o\000u\000n\000d\000\040\000N\000e\000u\000t\000r\000i\000n\000o\000\040\000E\000x\000p\000e\000r\000i\000m\000e\000n\000t}{}% 14
\BOOKMARK [1][-]{section.3.1}{\376\377\0003\000.\0001\000\040\000O\000v\000e\000r\000v\000i\000e\000w}{chapter.3}% 15
\BOOKMARK [1][-]{section.3.2}{\376\377\0003\000.\0002\000\040\000P\000h\000y\000s\000i\000c\000s\000\040\000g\000o\000a\000l\000s\000\040\000o\000f\000\040\000D\000U\000N\000E}{chapter.3}% 16
\BOOKMARK [1][-]{section.3.3}{\376\377\0003\000.\0003\000\040\000F\000a\000r\000\040\000D\000e\000t\000e\000c\000t\000o\000r}{chapter.3}% 17
\BOOKMARK [2][-]{subsection.3.3.1}{\376\377\0003\000.\0003\000.\0001\000\040\000H\000o\000r\000i\000z\000o\000n\000t\000a\000l\000\040\000D\000r\000i\000f\000t}{section.3.3}% 18
\BOOKMARK [2][-]{subsection.3.3.2}{\376\377\0003\000.\0003\000.\0002\000\040\000V\000e\000r\000t\000i\000c\000a\000l\000\040\000D\000r\000i\000f\000t}{section.3.3}% 19
\BOOKMARK [2][-]{subsection.3.3.3}{\376\377\0003\000.\0003\000.\0003\000\040\000F\000D\000\040\000D\000a\000t\000a\000\040\000A\000c\000q\000u\000i\000s\000i\000t\000i\000o\000n\000\040\000S\000y\000s\000t\000e\000m}{section.3.3}% 20
\BOOKMARK [1][-]{section.3.4}{\376\377\0003\000.\0004\000\040\000N\000e\000a\000r\000\040\000D\000e\000t\000e\000c\000t\000o\000r}{chapter.3}% 21
\BOOKMARK [2][-]{subsection.3.4.1}{\376\377\0003\000.\0004\000.\0001\000\040\000N\000D\000-\000L\000A\000r}{section.3.4}% 22
\BOOKMARK [2][-]{subsection.3.4.2}{\376\377\0003\000.\0004\000.\0002\000\040\000T\000M\000S\000/\000N\000D\000-\000G\000A\000r}{section.3.4}% 23
\BOOKMARK [2][-]{subsection.3.4.3}{\376\377\0003\000.\0004\000.\0003\000\040\000P\000R\000I\000S\000M}{section.3.4}% 24
\BOOKMARK [2][-]{subsection.3.4.4}{\376\377\0003\000.\0004\000.\0004\000\040\000S\000A\000N\000D}{section.3.4}% 25
\BOOKMARK [0][-]{chapter.4}{\376\377\0004\000\040\000N\000D\000-\000G\000A\000r}{}% 26
\BOOKMARK [1][-]{section.4.1}{\376\377\0004\000.\0001\000\040\000R\000e\000q\000u\000i\000r\000e\000m\000e\000n\000t\000s}{chapter.4}% 27
\BOOKMARK [1][-]{section.4.2}{\376\377\0004\000.\0002\000\040\000R\000e\000f\000e\000r\000e\000n\000c\000e\000\040\000d\000e\000s\000i\000g\000n}{chapter.4}% 28
\BOOKMARK [2][-]{subsection.4.2.1}{\376\377\0004\000.\0002\000.\0001\000\040\000H\000P\000g\000T\000P\000C}{section.4.2}% 29
\BOOKMARK [2][-]{subsection.4.2.2}{\376\377\0004\000.\0002\000.\0002\000\040\000E\000C\000a\000l}{section.4.2}% 30
\BOOKMARK [2][-]{subsection.4.2.3}{\376\377\0004\000.\0002\000.\0003\000\040\000M\000a\000g\000n\000e\000t}{section.4.2}% 31
\BOOKMARK [2][-]{subsection.4.2.4}{\376\377\0004\000.\0002\000.\0004\000\040\000M\000u\000o\000n\000\040\000s\000y\000s\000t\000e\000m}{section.4.2}% 32
\BOOKMARK [1][-]{section.4.3}{\376\377\0004\000.\0003\000\040\000G\000A\000r\000S\000o\000f\000t}{chapter.4}% 33
\BOOKMARK [2][-]{subsection.4.3.1}{\376\377\0004\000.\0003\000.\0001\000\040\000E\000v\000e\000n\000t\000\040\000g\000e\000n\000e\000r\000a\000t\000i\000o\000n}{section.4.3}% 34
\BOOKMARK [2][-]{subsection.4.3.2}{\376\377\0004\000.\0003\000.\0002\000\040\000D\000e\000t\000e\000c\000t\000o\000r\000\040\000s\000i\000m\000u\000l\000a\000t\000i\000o\000n}{section.4.3}% 35
\BOOKMARK [2][-]{subsection.4.3.3}{\376\377\0004\000.\0003\000.\0003\000\040\000R\000e\000c\000o\000n\000s\000t\000r\000u\000c\000t\000i\000o\000n}{section.4.3}% 36
\BOOKMARK [0][-]{chapter.5}{\376\377\0005\000\040\000F\000W\000T\000P\000G\000\040\000o\000f\000f\000l\000i\000n\000e\000\040\000s\000o\000f\000t\000w\000a\000r\000e}{}% 37
\BOOKMARK [0][-]{chapter.6}{\376\377\0006\000\040\000M\000a\000t\000c\000h\000e\000d\000\040\000F\000i\000l\000t\000e\000r\000\040\000a\000p\000p\000r\000o\000a\000c\000h\000\040\000t\000o\000\040\000i\000n\000d\000u\000c\000t\000i\000o\000n\000\040\000w\000i\000r\000e\000\040\000T\000r\000i\000g\000g\000e\000r\000\040\000P\000r\000i\000m\000i\000t\000i\000v\000e\000s}{}% 38
\BOOKMARK [1][-]{section.6.1}{\376\377\0006\000.\0001\000\040\000M\000o\000t\000i\000v\000a\000t\000i\000o\000n}{chapter.6}% 39
\BOOKMARK [1][-]{section.6.2}{\376\377\0006\000.\0002\000\040\000S\000i\000g\000n\000a\000l\000-\000t\000o\000-\000n\000o\000i\000s\000e\000\040\000r\000a\000t\000i\000o\000\040\000d\000e\000f\000i\000n\000i\000t\000i\000o\000n}{chapter.6}% 40
\BOOKMARK [1][-]{section.6.3}{\376\377\0006\000.\0003\000\040\000L\000o\000w\000-\000p\000a\000s\000s\000\040\000F\000I\000R\000\040\000f\000i\000l\000t\000e\000r\000\040\000d\000e\000s\000i\000g\000n}{chapter.6}% 41
\BOOKMARK [1][-]{section.6.4}{\376\377\0006\000.\0004\000\040\000M\000a\000t\000c\000h\000e\000d\000\040\000f\000i\000l\000t\000e\000r\000s}{chapter.6}% 42
\BOOKMARK [1][-]{section.6.5}{\376\377\0006\000.\0005\000\040\000U\000s\000i\000n\000g\000\040\000s\000i\000m\000u\000l\000a\000t\000e\000d\000\040\000s\000a\000m\000p\000l\000e\000s}{chapter.6}% 43
\BOOKMARK [2][-]{subsection.6.5.1}{\376\377\0006\000.\0005\000.\0001\000\040\000A\000n\000g\000u\000l\000a\000r\000\040\000d\000e\000p\000e\000n\000d\000e\000n\000c\000e}{section.6.5}% 44
\BOOKMARK [2][-]{subsection.6.5.2}{\376\377\0006\000.\0005\000.\0002\000\040\000D\000i\000s\000t\000o\000r\000t\000i\000o\000n\000\040\000a\000n\000d\000\040\000p\000e\000a\000k\000\040\000a\000s\000y\000m\000m\000e\000t\000r\000y}{section.6.5}% 45
\BOOKMARK [2][-]{subsection.6.5.3}{\376\377\0006\000.\0005\000.\0003\000\040\000H\000i\000t\000\040\000s\000e\000n\000s\000i\000t\000i\000v\000i\000t\000y}{section.6.5}% 46
\BOOKMARK [0][-]{chapter.7}{\376\377\0007\000\040\000D\000M\000\040\000s\000e\000a\000r\000c\000h\000e\000s\000\040\000w\000i\000t\000h\000\040\000n\000e\000u\000t\000r\000i\000n\000o\000s\000\040\000f\000r\000o\000m\000\040\000t\000h\000e\000\040\000S\000u\000n}{}% 47
\BOOKMARK [1][-]{section.7.1}{\376\377\0007\000.\0001\000\040\000M\000o\000t\000i\000v\000a\000t\000i\000o\000n}{chapter.7}% 48
\BOOKMARK [1][-]{section.7.2}{\376\377\0007\000.\0002\000\040\000G\000r\000a\000v\000i\000t\000a\000t\000i\000o\000n\000a\000l\000\040\000c\000a\000p\000t\000u\000r\000e\000\040\000o\000f\000\040\000D\000M\000\040\000b\000y\000\040\000t\000h\000e\000\040\000S\000u\000n}{chapter.7}% 49
\BOOKMARK [1][-]{section.7.3}{\376\377\0007\000.\0003\000\040\000N\000e\000u\000t\000r\000i\000n\000o\000\040\000f\000l\000u\000x\000\040\000f\000r\000o\000m\000\040\000D\000M\000\040\000a\000n\000n\000i\000h\000i\000l\000a\000t\000i\000o\000n\000s}{chapter.7}% 50
\BOOKMARK [1][-]{section.7.4}{\376\377\0007\000.\0004\000\040\000C\000o\000m\000p\000u\000t\000i\000n\000g\000\040\000l\000i\000m\000i\000t\000s\000\040\000f\000r\000o\000m\000\040\000s\000o\000l\000a\000r\000\040\000n\000e\000u\000t\000r\000i\000n\000o\000\040\000f\000l\000u\000x\000e\000s}{chapter.7}% 51
\BOOKMARK [1][-]{section.7.5}{\376\377\0007\000.\0005\000\040\000E\000x\000a\000m\000p\000l\000e\000:\000\040\000K\000a\000l\000u\000z\000a\000-\000K\000l\000e\000i\000n\000\040\000D\000a\000r\000k\000\040\000M\000a\000t\000t\000e\000r}{chapter.7}% 52
\BOOKMARK [1][-]{section.7.6}{\376\377\0007\000.\0006\000\040\000H\000i\000g\000h\000\040\000e\000n\000e\000r\000g\000y\000\040\000D\000M\000\040\000n\000e\000u\000t\000r\000i\000n\000o\000\040\000s\000i\000g\000n\000a\000l\000s}{chapter.7}% 53
\BOOKMARK [2][-]{subsection.7.6.1}{\376\377\0007\000.\0006\000.\0001\000\040\000D\000I\000S\000\040\000e\000v\000e\000n\000t\000s}{section.7.6}% 54
\BOOKMARK [2][-]{subsection.7.6.2}{\376\377\0007\000.\0006\000.\0002\000\040\000S\000i\000n\000g\000l\000e\000\040\000p\000r\000o\000t\000o\000n\000\040\000Q\000E\000L\000\040\000e\000v\000e\000n\000t\000s}{section.7.6}% 55
\BOOKMARK [2][-]{subsection.7.6.3}{\376\377\0007\000.\0006\000.\0003\000\040\000R\000e\000s\000u\000l\000t\000s}{section.7.6}% 56
\BOOKMARK [1][-]{section.7.7}{\376\377\0007\000.\0007\000\040\000E\000x\000a\000m\000p\000l\000e\000:\000\040\000L\000e\000p\000t\000o\000p\000h\000i\000l\000i\000c\000\040\000D\000a\000r\000k\000\040\000M\000a\000t\000t\000e\000r}{chapter.7}% 57
\BOOKMARK [0][-]{chapter.8}{\376\377\0008\000\040\000I\000m\000p\000r\000o\000v\000i\000n\000g\000\040\000t\000h\000e\000\040\000r\000e\000c\000o\000n\000s\000t\000r\000u\000c\000t\000i\000o\000n}{}% 58
\BOOKMARK [1][-]{section.8.1}{\376\377\0008\000.\0001\000\040\000E\000n\000e\000r\000g\000y\000\040\000l\000o\000s\000s\000\040\000i\000n\000\040\000t\000h\000e\000\040\000T\000P\000C}{chapter.8}% 59
\BOOKMARK [2][-]{subsection.8.1.1}{\376\377\0008\000.\0001\000.\0001\000\040\000E\000n\000e\000r\000g\000y\000\040\000c\000a\000l\000i\000b\000r\000a\000t\000i\000o\000n}{section.8.1}% 60
\BOOKMARK [1][-]{section.8.2}{\376\377\0008\000.\0002\000\040\000P\000i\000o\000n\000\040\000d\000e\000c\000a\000y\000\040\000f\000i\000n\000d\000i\000n\000g}{chapter.8}% 61
\BOOKMARK [1][-]{section.8.3}{\376\377\0008\000.\0003\000\040\000E\000C\000a\000l\000\040\000c\000l\000u\000s\000t\000e\000r\000i\000n\000g}{chapter.8}% 62
\BOOKMARK [2][-]{subsection.8.3.1}{\376\377\0008\000.\0003\000.\0001\000\040\000N\000e\000u\000t\000r\000a\000l\000\040\000p\000i\000o\000n\000\040\000r\000e\000c\000o\000n\000s\000t\000r\000u\000c\000t\000i\000o\000n}{section.8.3}% 63
\BOOKMARK [1][-]{section.8.4}{\376\377\0008\000.\0004\000\040\000T\000P\000C\000\040\000t\000r\000a\000c\000k\000\040\000-\000\040\000E\000C\000a\000l\000\040\000c\000l\000u\000s\000t\000e\000r\000\040\000m\000a\000t\000c\000h\000i\000n\000g}{chapter.8}% 64
\BOOKMARK [0][-]{chapter.9}{\376\377\0009\000\040\000C\000o\000n\000c\000l\000u\000s\000i\000o\000n\000s}{}% 65
\BOOKMARK [0][-]{appendix.A}{\376\377\000A\000\040\000A\000n\000\040\000a\000p\000p\000e\000n\000d\000i\000x}{}% 66
\BOOKMARK [0][-]{appendix*.81}{\376\377\000B\000i\000b\000l\000i\000o\000g\000r\000a\000p\000h\000y}{}% 67
